<?xml version="1.0" encoding="UTF-8"?>
<!-- Generated by org.testng.reporters.JUnitReportReporter -->
<testsuite hostname="SWARAJ" failures="0" tests="1" name="api.practice.PutFaker" time="1.876" errors="0" timestamp="2024-09-30T11:24:49 IST" skipped="0">
  <testcase classname="api.practice.PutFaker" name="putRequest" time="1.876"/>
</testsuite> <!-- api.practice.PutFaker -->
