<?xml version="1.0" encoding="UTF-8"?>
<!-- Generated by org.testng.reporters.JUnitReportReporter -->
<testsuite hostname="SWARAJ" failures="0" tests="1" name="api.practice.PostRequest" time="2.188" errors="0" timestamp="2024-10-18T12:48:19 IST" skipped="0">
  <testcase classname="api.practice.PostRequest" name="createUser" time="2.188"/>
</testsuite> <!-- api.practice.PostRequest -->
