<?xml version="1.0" encoding="UTF-8"?>
<!-- Generated by org.testng.reporters.JUnitReportReporter -->
<testsuite hostname="SWARAJ" failures="0" tests="1" name="api.learn.PostRequest" time="1.365" errors="0" timestamp="2024-08-28T09:55:15 IST" skipped="0">
  <testcase classname="api.learn.PostRequest" name="postRequest" time="1.365"/>
</testsuite> <!-- api.learn.PostRequest -->
