<?xml version="1.0" encoding="UTF-8"?>
<!-- Generated by org.testng.reporters.JUnitReportReporter -->
<testsuite hostname="SWARAJ" failures="0" tests="1" name="request.types.PostRequest" time="1.408" errors="0" timestamp="2024-09-10T16:48:27 IST" skipped="0">
  <testcase classname="request.types.PostRequest" name="postRequest" time="1.408"/>
</testsuite> <!-- request.types.PostRequest -->
