<?xml version="1.0" encoding="UTF-8"?>
<!-- Generated by org.testng.reporters.JUnitReportReporter -->
<testsuite hostname="SWARAJ" failures="0" tests="1" name="request.types.GetRequestSet" time="1.829" errors="0" timestamp="2024-10-09T10:41:52 IST" skipped="0">
  <testcase classname="request.types.GetRequestSet" name="getRequest" time="1.829"/>
</testsuite> <!-- request.types.GetRequestSet -->
