<?xml version="1.0" encoding="UTF-8"?>
<!-- Generated by org.testng.reporters.JUnitReportReporter -->
<testsuite hostname="SWARAJ" failures="0" tests="1" name="api.practice.GetFaker" time="1.256" errors="0" timestamp="2024-09-30T11:31:51 IST" skipped="0">
  <testcase classname="api.practice.GetFaker" name="getRequest" time="1.256"/>
</testsuite> <!-- api.practice.GetFaker -->
