<?xml version="1.0" encoding="UTF-8"?>
<!-- Generated by org.testng.reporters.JUnitReportReporter -->
<testsuite hostname="SWARAJ" failures="0" tests="1" name="faker.pojo.FakerGetRequest" time="1.425" errors="0" timestamp="2024-09-18T17:32:44 IST" skipped="0">
  <testcase classname="faker.pojo.FakerGetRequest" name="getRequest" time="1.425"/>
</testsuite> <!-- faker.pojo.FakerGetRequest -->
