<?xml version="1.0" encoding="UTF-8"?>
<!-- Generated by org.testng.reporters.JUnitReportReporter -->
<testsuite hostname="SWARAJ" failures="0" tests="1" name="api.practice.PatchRequest1" time="1.226" errors="0" timestamp="2024-09-03T12:06:49 IST" skipped="0">
  <testcase classname="api.practice.PatchRequest1" name="patchRequest" time="1.226"/>
</testsuite> <!-- api.practice.PatchRequest1 -->
