<?xml version="1.0" encoding="UTF-8"?>
<!-- Generated by org.testng.reporters.JUnitReportReporter -->
<testsuite hostname="SWARAJ" failures="0" tests="1" name="api.practice.PostRequestDemo" time="1.795" errors="0" timestamp="2024-08-22T23:04:53 IST" skipped="0">
  <testcase classname="api.practice.PostRequestDemo" name="postRequest" time="1.795"/>
</testsuite> <!-- api.practice.PostRequestDemo -->
