<?xml version="1.0" encoding="UTF-8"?>
<!-- Generated by org.testng.reporters.JUnitReportReporter -->
<testsuite hostname="SWARAJ" failures="0" tests="1" name="tests.GetAndPostExamples" time="1.876" errors="0" timestamp="2024-08-18T19:03:26 IST" skipped="0">
  <testcase classname="tests.GetAndPostExamples" name="testPost" time="1.876"/>
</testsuite> <!-- tests.GetAndPostExamples -->
