<?xml version="1.0" encoding="UTF-8"?>
<!-- Generated by org.testng.reporters.JUnitReportReporter -->
<testsuite hostname="SWARAJ" failures="0" tests="1" name="api.practice.PostUserPojo" time="1.502" errors="0" timestamp="2024-09-03T11:18:11 IST" skipped="0">
  <testcase classname="api.practice.PostUserPojo" name="postRequest" time="1.502"/>
</testsuite> <!-- api.practice.PostUserPojo -->
