<?xml version="1.0" encoding="UTF-8"?>
<!-- Generated by org.testng.reporters.JUnitReportReporter -->
<testsuite hostname="SWARAJ" failures="0" tests="1" name="payload.types.PostPojoRequest" time="1.545" errors="0" timestamp="2024-09-01T13:47:26 IST" skipped="0">
  <testcase classname="payload.types.PostPojoRequest" name="postRequest" time="1.545"/>
</testsuite> <!-- payload.types.PostPojoRequest -->
