<?xml version="1.0" encoding="UTF-8"?>
<!-- Generated by org.testng.reporters.JUnitReportReporter -->
<testsuite hostname="SWARAJ" failures="0" tests="1" name="api.practice.GetRequest22" time="1.193" errors="0" timestamp="2024-09-10T16:23:50 IST" skipped="0">
  <testcase classname="api.practice.GetRequest22" name="getRequest" time="1.193"/>
</testsuite> <!-- api.practice.GetRequest22 -->
