<?xml version="1.0" encoding="UTF-8"?>
<!-- Generated by org.testng.reporters.JUnitReportReporter -->
<testsuite hostname="SWARAJ" failures="0" tests="1" name="api.practice.GetRequest21" time="1.384" errors="0" timestamp="2024-09-18T15:11:28 IST" skipped="0">
  <testcase classname="api.practice.GetRequest21" name="getRequest" time="1.384"/>
</testsuite> <!-- api.practice.GetRequest21 -->
