<?xml version="1.0" encoding="UTF-8"?>
<!-- Generated by org.testng.reporters.JUnitReportReporter -->
<testsuite hostname="SWARAJ" failures="0" tests="1" name="api.practice.PutRequest" time="1.717" errors="0" timestamp="2024-10-18T13:03:10 IST" skipped="0">
  <testcase classname="api.practice.PutRequest" name="updateUser" time="1.717"/>
</testsuite> <!-- api.practice.PutRequest -->
