<?xml version="1.0" encoding="UTF-8"?>
<!-- Generated by org.testng.reporters.JUnitReportReporter -->
<testsuite hostname="SWARAJ" failures="0" tests="1" name="api.practice.GetRequest" time="1.334" errors="0" timestamp="2024-10-18T12:53:33 IST" skipped="0">
  <testcase classname="api.practice.GetRequest" name="readUser" time="1.334"/>
</testsuite> <!-- api.practice.GetRequest -->
