<?xml version="1.0" encoding="UTF-8"?>
<!-- Generated by org.testng.reporters.JUnitReportReporter -->
<testsuite hostname="SWARAJ" failures="0" tests="1" name="api.practice.PutRequestDemo" time="1.686" errors="0" timestamp="2024-08-22T23:17:21 IST" skipped="0">
  <testcase classname="api.practice.PutRequestDemo" name="putRequest" time="1.686"/>
</testsuite> <!-- api.practice.PutRequestDemo -->
