<?xml version="1.0" encoding="UTF-8"?>
<!-- Generated by org.testng.reporters.JUnitReportReporter -->
<testsuite hostname="SWARAJ" failures="0" tests="1" name="api.practice.GETRequestDemo" time="2.058" errors="0" timestamp="2024-08-22T22:36:01 IST" skipped="0">
  <testcase classname="api.practice.GETRequestDemo" name="getRequest" time="2.058"/>
</testsuite> <!-- api.practice.GETRequestDemo -->
