<?xml version="1.0" encoding="UTF-8"?>
<!-- Generated by org.testng.reporters.JUnitReportReporter -->
<testsuite hostname="SWARAJ" failures="0" tests="1" name="api.practice.PutRequest22" time="1.257" errors="0" timestamp="2024-09-10T15:01:54 IST" skipped="0">
  <testcase classname="api.practice.PutRequest22" name="putRequest" time="1.257"/>
</testsuite> <!-- api.practice.PutRequest22 -->
