<?xml version="1.0" encoding="UTF-8"?>
<!-- Generated by org.testng.reporters.JUnitReportReporter -->
<testsuite hostname="SWARAJ" failures="0" tests="1" name="api.practice.GetApiRequest" time="2.160" errors="0" timestamp="2024-10-27T22:46:23 IST" skipped="0">
  <testcase classname="api.practice.GetApiRequest" name="getRequest" time="2.160"/>
</testsuite> <!-- api.practice.GetApiRequest -->
