<?xml version="1.0" encoding="UTF-8"?>
<!-- Generated by org.testng.reporters.JUnitReportReporter -->
<testsuite hostname="SWARAJ" failures="0" tests="1" name="api.learn.SoapXMLRequest" time="3.186" errors="0" timestamp="2024-08-29T16:03:02 IST" skipped="0">
  <testcase classname="api.learn.SoapXMLRequest" name="validateSoapXML" time="3.186"/>
</testsuite> <!-- api.learn.SoapXMLRequest -->
