<?xml version="1.0" encoding="UTF-8"?>
<!-- Generated by org.testng.reporters.JUnitReportReporter -->
<testsuite hostname="SWARAJ" failures="0" tests="1" name="api.practice.PatchRequest23" time="1.678" errors="0" timestamp="2024-09-08T12:40:17 IST" skipped="0">
  <testcase classname="api.practice.PatchRequest23" name="patchRequest" time="1.678"/>
</testsuite> <!-- api.practice.PatchRequest23 -->
