<?xml version="1.0" encoding="UTF-8"?>
<!-- Generated by org.testng.reporters.JUnitReportReporter -->
<testsuite hostname="SWARAJ" failures="0" tests="3" name="tests.PutPatchDeletExamples" time="2.553" errors="0" timestamp="2024-08-20T15:21:32 IST" skipped="0">
  <testcase classname="tests.PutPatchDeletExamples" name="testDelete" time="1.731"/>
  <testcase classname="tests.PutPatchDeletExamples" name="testPatch" time="0.453"/>
  <testcase classname="tests.PutPatchDeletExamples" name="testPut" time="0.369"/>
</testsuite> <!-- tests.PutPatchDeletExamples -->
