<?xml version="1.0" encoding="UTF-8"?>
<!-- Generated by org.testng.reporters.JUnitReportReporter -->
<testsuite hostname="SWARAJ" failures="0" tests="1" name="api.learn.DeleteRequest" time="1.188" errors="0" timestamp="2024-08-28T10:28:16 IST" skipped="0">
  <testcase classname="api.learn.DeleteRequest" name="deleteRequest" time="1.188"/>
</testsuite> <!-- api.learn.DeleteRequest -->
