<?xml version="1.0" encoding="UTF-8"?>
<!-- Generated by org.testng.reporters.JUnitReportReporter -->
<testsuite hostname="SWARAJ" failures="0" tests="1" name="api.practice.GetRequestPojo" time="1.242" errors="0" timestamp="2024-09-03T11:28:07 IST" skipped="0">
  <testcase classname="api.practice.GetRequestPojo" name="getRequest" time="1.242"/>
</testsuite> <!-- api.practice.GetRequestPojo -->
