<?xml version="1.0" encoding="UTF-8"?>
<!-- Generated by org.testng.reporters.JUnitReportReporter -->
<testsuite hostname="SWARAJ" failures="0" tests="1" name="api.practice.PostFaker" time="1.835" errors="0" timestamp="2024-09-30T11:05:45 IST" skipped="0">
  <testcase classname="api.practice.PostFaker" name="postRequest" time="1.835"/>
</testsuite> <!-- api.practice.PostFaker -->
