<?xml version="1.0" encoding="UTF-8"?>
<!-- Generated by org.testng.reporters.JUnitReportReporter -->
<testsuite hostname="SWARAJ" failures="0" tests="1" name="api.practice.DeleteRequestDemo" time="1.724" errors="0" timestamp="2024-08-22T23:26:39 IST" skipped="0">
  <testcase classname="api.practice.DeleteRequestDemo" name="deleteRquest" time="1.724"/>
</testsuite> <!-- api.practice.DeleteRequestDemo -->
