<?xml version="1.0" encoding="UTF-8"?>
<!-- Generated by org.testng.reporters.JUnitReportReporter -->
<testsuite hostname="SWARAJ" failures="0" tests="1" name="api.practice.PostRequest22" time="1.238" errors="0" timestamp="2024-09-10T14:55:15 IST" skipped="0">
  <testcase classname="api.practice.PostRequest22" name="postRequest" time="1.238"/>
</testsuite> <!-- api.practice.PostRequest22 -->
