<?xml version="1.0" encoding="UTF-8"?>
<!-- Generated by org.testng.reporters.JUnitReportReporter -->
<testsuite hostname="SWARAJ" failures="0" tests="1" name="api.practice.GetRequestLocal" time="1.190" errors="0" timestamp="2024-08-22T23:50:10 IST" skipped="0">
  <testcase classname="api.practice.GetRequestLocal" name="getReqLocalhost" time="1.190"/>
</testsuite> <!-- api.practice.GetRequestLocal -->
