<?xml version="1.0" encoding="UTF-8"?>
<!-- Generated by org.testng.reporters.JUnitReportReporter -->
<testsuite hostname="SWARAJ" failures="0" tests="1" name="api.practice.PutDemo" time="1.529" errors="0" timestamp="2024-09-01T12:30:48 IST" skipped="0">
  <testcase classname="api.practice.PutDemo" name="putRequest" time="1.529"/>
</testsuite> <!-- api.practice.PutDemo -->
