<?xml version="1.0" encoding="UTF-8"?>
<!-- Generated by org.testng.reporters.JUnitReportReporter -->
<testsuite hostname="SWARAJ" failures="0" tests="1" name="api.practice.GetDemo" time="1.384" errors="0" timestamp="2024-09-01T11:56:00 IST" skipped="0">
  <testcase classname="api.practice.GetDemo" name="getRequest" time="1.384"/>
</testsuite> <!-- api.practice.GetDemo -->
