<?xml version="1.0" encoding="UTF-8"?>
<!-- Generated by org.testng.reporters.JUnitReportReporter -->
<testsuite hostname="SWARAJ" failures="0" tests="1" name="tests.JSONSchemaValidator" time="1.960" errors="0" timestamp="2024-08-20T17:42:52 IST" skipped="0">
  <testcase classname="tests.JSONSchemaValidator" name="testGet" time="1.960"/>
</testsuite> <!-- tests.JSONSchemaValidator -->
