<?xml version="1.0" encoding="UTF-8"?>
<!-- Generated by org.testng.reporters.JUnitReportReporter -->
<testsuite hostname="SWARAJ" failures="0" tests="1" name="api.practice.PojoPostRequest1" time="1.592" errors="0" timestamp="2024-09-10T15:51:12 IST" skipped="0">
  <testcase classname="api.practice.PojoPostRequest1" name="postRequest" time="1.592"/>
</testsuite> <!-- api.practice.PojoPostRequest1 -->
