<?xml version="1.0" encoding="UTF-8"?>
<!-- Generated by org.testng.reporters.JUnitReportReporter -->
<testsuite hostname="SWARAJ" failures="0" tests="1" name="api.practice.PostReq" time="1.624" errors="0" timestamp="2024-09-18T13:15:29 IST" skipped="0">
  <testcase classname="api.practice.PostReq" name="postRequest" time="1.624"/>
</testsuite> <!-- api.practice.PostReq -->
