<?xml version="1.0" encoding="UTF-8"?>
<!-- Generated by org.testng.reporters.JUnitReportReporter -->
<testsuite hostname="SWARAJ" failures="0" tests="1" name="api.practice.PutRequest23" time="1.619" errors="0" timestamp="2024-09-08T12:32:49 IST" skipped="0">
  <testcase classname="api.practice.PutRequest23" name="putRequest" time="1.619"/>
</testsuite> <!-- api.practice.PutRequest23 -->
