<?xml version="1.0" encoding="UTF-8"?>
<!-- Generated by org.testng.reporters.JUnitReportReporter -->
<testsuite hostname="SWARAJ" failures="0" tests="1" name="api.practice.DeleteRequest22" time="1.204" errors="0" timestamp="2024-09-10T15:14:59 IST" skipped="0">
  <testcase classname="api.practice.DeleteRequest22" name="deleteRequest" time="1.204"/>
</testsuite> <!-- api.practice.DeleteRequest22 -->
