<?xml version="1.0" encoding="UTF-8"?>
<!-- Generated by org.testng.reporters.JUnitReportReporter -->
<testsuite hostname="SWARAJ" failures="0" tests="1" name="payload.types.PostUserPojo" time="1.633" errors="0" timestamp="2024-09-01T14:37:35 IST" skipped="0">
  <testcase classname="payload.types.PostUserPojo" name="postRequest" time="1.633"/>
</testsuite> <!-- payload.types.PostUserPojo -->
