<?xml version="1.0" encoding="UTF-8"?>
<!-- Generated by org.testng.reporters.JUnitReportReporter -->
<testsuite hostname="SWARAJ" failures="0" tests="1" name="api.practice.PatchRequest22" time="1.809" errors="0" timestamp="2024-09-10T15:10:41 IST" skipped="0">
  <testcase classname="api.practice.PatchRequest22" name="patchRequest" time="1.809"/>
</testsuite> <!-- api.practice.PatchRequest22 -->
