<?xml version="1.0" encoding="UTF-8"?>
<!-- Generated by org.testng.reporters.JUnitReportReporter -->
<testsuite hostname="SWARAJ" failures="0" tests="1" name="api.practice.PatchFaker" time="1.848" errors="0" timestamp="2024-09-30T11:15:49 IST" skipped="0">
  <testcase classname="api.practice.PatchFaker" name="putRequest" time="1.848"/>
</testsuite> <!-- api.practice.PatchFaker -->
