<?xml version="1.0" encoding="UTF-8"?>
<!-- Generated by org.testng.reporters.JUnitReportReporter -->
<testsuite hostname="SWARAJ" failures="0" tests="1" name="api.practice.GetRequest23" time="1.169" errors="0" timestamp="2024-09-08T12:24:24 IST" skipped="0">
  <testcase classname="api.practice.GetRequest23" name="getRequest" time="1.169"/>
</testsuite> <!-- api.practice.GetRequest23 -->
