<?xml version="1.0" encoding="UTF-8"?>
<!-- Generated by org.testng.reporters.JUnitReportReporter -->
<testsuite hostname="SWARAJ" failures="0" tests="1" name="api.practice.PostRequestPojo" time="1.506" errors="0" timestamp="2024-09-10T15:36:47 IST" skipped="0">
  <testcase classname="api.practice.PostRequestPojo" name="postRequest" time="1.506"/>
</testsuite> <!-- api.practice.PostRequestPojo -->
