<?xml version="1.0" encoding="UTF-8"?>
<!-- Generated by org.testng.reporters.JUnitReportReporter -->
<testsuite hostname="SWARAJ" failures="0" tests="1" name="api.learn.PutRequest" time="1.354" errors="0" timestamp="2024-08-28T10:07:08 IST" skipped="0">
  <testcase classname="api.learn.PutRequest" name="putRequest" time="1.354"/>
</testsuite> <!-- api.learn.PutRequest -->
