<?xml version="1.0" encoding="UTF-8"?>
<!-- Generated by org.testng.reporters.JUnitReportReporter -->
<testsuite hostname="SWARAJ" failures="0" tests="1" name="com.chatgpt.api.TestngRequest" time="2.287" errors="0" timestamp="2024-10-08T22:02:55 IST" skipped="0">
  <testcase classname="com.chatgpt.api.TestngRequest" name="testGetRequest" time="2.287"/>
</testsuite> <!-- com.chatgpt.api.TestngRequest -->
