<?xml version="1.0" encoding="UTF-8"?>
<!-- Generated by org.testng.reporters.JUnitReportReporter -->
<testsuite hostname="SWARAJ" failures="0" tests="1" name="api.practice.TokenAuthentication" time="1.730" errors="0" timestamp="2024-09-01T16:27:54 IST" skipped="0">
  <testcase classname="api.practice.TokenAuthentication" name="getRequest" time="1.730"/>
</testsuite> <!-- api.practice.TokenAuthentication -->
