<?xml version="1.0" encoding="UTF-8"?>
<!-- Generated by org.testng.reporters.JUnitReportReporter -->
<testsuite hostname="SWARAJ" failures="0" tests="1" name="api.practice.PostDemo" time="1.642" errors="0" timestamp="2024-09-03T12:04:55 IST" skipped="0">
  <testcase classname="api.practice.PostDemo" name="postRequest" time="1.642"/>
</testsuite> <!-- api.practice.PostDemo -->
