<?xml version="1.0" encoding="UTF-8"?>
<!-- Generated by org.testng.reporters.JUnitReportReporter -->
<testsuite hostname="SWARAJ" failures="0" tests="1" name="api.practice.JsonSchemaValidation" time="1.950" errors="0" timestamp="2024-09-01T16:52:00 IST" skipped="0">
  <testcase classname="api.practice.JsonSchemaValidation" name="getRequest" time="1.950"/>
</testsuite> <!-- api.practice.JsonSchemaValidation -->
