<?xml version="1.0" encoding="UTF-8"?>
<!-- Generated by org.testng.reporters.JUnitReportReporter -->
<testsuite hostname="SWARAJ" failures="0" tests="1" name="payload.types.JSONStringPayload" time="1.577" errors="0" timestamp="2024-09-01T15:59:13 IST" skipped="0">
  <testcase classname="payload.types.JSONStringPayload" name="postRequest" time="1.577"/>
</testsuite> <!-- payload.types.JSONStringPayload -->
