<?xml version="1.0" encoding="UTF-8"?>
<!-- Generated by org.testng.reporters.JUnitReportReporter -->
<testsuite hostname="SWARAJ" failures="0" tests="1" name="api.learn.JsonSchemaValidation" time="2.478" errors="0" timestamp="2024-08-29T15:13:19 IST" skipped="0">
  <testcase classname="api.learn.JsonSchemaValidation" name="getResponseSchema" time="2.478"/>
</testsuite> <!-- api.learn.JsonSchemaValidation -->
