<?xml version="1.0" encoding="UTF-8"?>
<!-- Generated by org.testng.reporters.JUnitReportReporter -->
<testsuite hostname="SWARAJ" failures="0" tests="1" name="api.practice.PutRequest21" time="1.720" errors="0" timestamp="2024-09-18T14:30:53 IST" skipped="0">
  <testcase classname="api.practice.PutRequest21" name="putRequest" time="1.720"/>
</testsuite> <!-- api.practice.PutRequest21 -->
