<?xml version="1.0" encoding="UTF-8"?>
<!-- Generated by org.testng.reporters.JUnitReportReporter -->
<testsuite hostname="SWARAJ" failures="0" tests="1" name="api.practice.PutRequest1" time="1.548" errors="0" timestamp="2024-09-03T12:05:38 IST" skipped="0">
  <testcase classname="api.practice.PutRequest1" name="getRequest" time="1.548"/>
</testsuite> <!-- api.practice.PutRequest1 -->
