<?xml version="1.0" encoding="UTF-8"?>
<!-- Generated by org.testng.reporters.JUnitReportReporter -->
<testsuite hostname="SWARAJ" failures="0" tests="1" name="api.learn.PostRequestAuth" time="1.965" errors="0" timestamp="2024-08-29T14:17:45 IST" skipped="0">
  <testcase classname="api.learn.PostRequestAuth" name="postReqAuthentication" time="1.965"/>
</testsuite> <!-- api.learn.PostRequestAuth -->
