<?xml version="1.0" encoding="UTF-8"?>
<!-- Generated by org.testng.reporters.JUnitReportReporter -->
<testsuite hostname="SWARAJ" failures="0" tests="1" name="tests.SoapXMLRequest" time="2.505" errors="0" timestamp="2024-08-20T18:42:24 IST" skipped="0">
  <testcase classname="tests.SoapXMLRequest" name="validateSoapXML" time="2.505"/>
</testsuite> <!-- tests.SoapXMLRequest -->
