<?xml version="1.0" encoding="UTF-8"?>
<!-- Generated by org.testng.reporters.JUnitReportReporter -->
<testsuite hostname="SWARAJ" failures="0" tests="1" name="api.practice.PatchRequest" time="1.806" errors="0" timestamp="2024-10-18T13:12:00 IST" skipped="0">
  <testcase classname="api.practice.PatchRequest" name="partialUpdate" time="1.806"/>
</testsuite> <!-- api.practice.PatchRequest -->
