<?xml version="1.0" encoding="UTF-8"?>
<!-- Generated by org.testng.reporters.JUnitReportReporter -->
<testsuite hostname="SWARAJ" failures="0" tests="3" name="request.types.EndToEndTest" time="1.656" errors="0" timestamp="2024-09-08T13:01:22 IST" skipped="0">
  <testcase classname="request.types.EndToEndTest" name="readUser" time="1.253"/>
  <testcase classname="request.types.EndToEndTest" name="updateUser" time="0.322"/>
  <testcase classname="request.types.EndToEndTest" name="deleteUser" time="0.081"/>
</testsuite> <!-- request.types.EndToEndTest -->
