<?xml version="1.0" encoding="UTF-8"?>
<!-- Generated by org.testng.reporters.JUnitReportReporter -->
<testsuite hostname="SWARAJ" failures="0" tests="1" name="api.learn.GetBodyValidation" time="1.796" errors="0" timestamp="2024-08-30T15:35:51 IST" skipped="0">
  <testcase classname="api.learn.GetBodyValidation" name="getRequest" time="1.796"/>
</testsuite> <!-- api.learn.GetBodyValidation -->
