<?xml version="1.0" encoding="UTF-8"?>
<!-- Generated by org.testng.reporters.JUnitReportReporter -->
<testsuite hostname="SWARAJ" failures="0" tests="1" name="payload.types.GetPojoResponse" time="1.366" errors="0" timestamp="2024-09-01T14:02:17 IST" skipped="0">
  <testcase classname="payload.types.GetPojoResponse" name="getResponseTest" time="1.366"/>
</testsuite> <!-- payload.types.GetPojoResponse -->
