<?xml version="1.0" encoding="UTF-8"?>
<!-- Generated by org.testng.reporters.JUnitReportReporter -->
<testsuite hostname="SWARAJ" failures="0" tests="1" name="api.practice.DeleteRequest1" time="1.227" errors="0" timestamp="2024-09-03T12:10:45 IST" skipped="0">
  <testcase classname="api.practice.DeleteRequest1" name="deleteRequest" time="1.227"/>
</testsuite> <!-- api.practice.DeleteRequest1 -->
