<?xml version="1.0" encoding="UTF-8"?>
<!-- Generated by org.testng.reporters.JUnitReportReporter -->
<testsuite hostname="SWARAJ" failures="0" tests="1" name="faker.pojo.FakerPostRequest" time="1.686" errors="0" timestamp="2024-09-18T17:57:24 IST" skipped="0">
  <testcase classname="faker.pojo.FakerPostRequest" name="postRequest" time="1.686"/>
</testsuite> <!-- faker.pojo.FakerPostRequest -->
