<?xml version="1.0" encoding="UTF-8"?>
<!-- Generated by org.testng.reporters.JUnitReportReporter -->
<testsuite hostname="SWARAJ" failures="0" tests="1" name="api.practice.DeleteFaker" time="1.239" errors="0" timestamp="2024-09-30T11:37:29 IST" skipped="0">
  <testcase classname="api.practice.DeleteFaker" name="deleteRequest" time="1.239"/>
</testsuite> <!-- api.practice.DeleteFaker -->
