<?xml version="1.0" encoding="UTF-8"?>
<!-- Generated by org.testng.reporters.JUnitReportReporter -->
<testsuite hostname="SWARAJ" failures="0" tests="1" name="onlineapi.tests.GetRequestExample" time="2.048" errors="0" timestamp="2024-08-22T22:35:38 IST" skipped="0">
  <testcase classname="onlineapi.tests.GetRequestExample" name="testGet" time="2.048"/>
</testsuite> <!-- onlineapi.tests.GetRequestExample -->
