<?xml version="1.0" encoding="UTF-8"?>
<!-- Generated by org.testng.reporters.JUnitReportReporter -->
<testsuite hostname="SWARAJ" failures="0" tests="1" name="api.practice.DeleteRequest21" time="1.342" errors="0" timestamp="2024-09-18T14:42:51 IST" skipped="0">
  <testcase classname="api.practice.DeleteRequest21" name="deleteRequest" time="1.342"/>
</testsuite> <!-- api.practice.DeleteRequest21 -->
