<?xml version="1.0" encoding="UTF-8"?>
<!-- Generated by org.testng.reporters.JUnitReportReporter -->
<testsuite hostname="SWARAJ" failures="0" tests="1" name="payload.types.HashMapPayload" time="1.554" errors="0" timestamp="2024-09-01T16:08:29 IST" skipped="0">
  <testcase classname="payload.types.HashMapPayload" name="postRequest" time="1.554"/>
</testsuite> <!-- payload.types.HashMapPayload -->
