<?xml version="1.0" encoding="UTF-8"?>
<!-- Generated by org.testng.reporters.JUnitReportReporter -->
<testsuite hostname="SWARAJ" failures="0" tests="2" name="tests.TestExamples" time="2.435" errors="0" timestamp="2024-08-18T18:04:32 IST" skipped="0">
  <testcase classname="tests.TestExamples" name="test_2" time="0.923"/>
  <testcase classname="tests.TestExamples" name="test_1" time="1.512"/>
</testsuite> <!-- tests.TestExamples -->
