<?xml version="1.0" encoding="UTF-8"?>
<!-- Generated by org.testng.reporters.JUnitReportReporter -->
<testsuite hostname="SWARAJ" failures="0" tests="1" name="api.learn.GetBodyContent" time="1.917" errors="0" timestamp="2024-08-30T15:15:07 IST" skipped="0">
  <testcase classname="api.learn.GetBodyContent" name="getBodyValue" time="1.917"/>
</testsuite> <!-- api.learn.GetBodyContent -->
