<?xml version="1.0" encoding="UTF-8"?>
<!-- Generated by org.testng.reporters.JUnitReportReporter -->
<testsuite hostname="SWARAJ" failures="0" tests="1" name="api.practice.PatchRequest21" time="1.609" errors="0" timestamp="2024-09-18T14:38:13 IST" skipped="0">
  <testcase classname="api.practice.PatchRequest21" name="patchRequest" time="1.609"/>
</testsuite> <!-- api.practice.PatchRequest21 -->
