<?xml version="1.0" encoding="UTF-8"?>
<!-- Generated by org.testng.reporters.JUnitReportReporter -->
<testsuite hostname="SWARAJ" failures="0" tests="1" name="com.apitest.GETRequestTest" time="1.467" errors="0" timestamp="2024-08-18T15:29:52 IST" skipped="0">
  <testcase classname="com.apitest.GETRequestTest" name="getRequest" time="1.467"/>
</testsuite> <!-- com.apitest.GETRequestTest -->
