<?xml version="1.0" encoding="UTF-8"?>
<!-- Generated by org.testng.reporters.JUnitReportReporter -->
<testsuite hostname="SWARAJ" failures="0" tests="1" name="api.learn.GetRequest" time="1.146" errors="0" timestamp="2024-08-28T09:41:16 IST" skipped="0">
  <testcase classname="api.learn.GetRequest" name="getRequest" time="1.146"/>
</testsuite> <!-- api.learn.GetRequest -->
