<?xml version="1.0" encoding="UTF-8"?>
<!-- Generated by org.testng.reporters.JUnitReportReporter -->
<testsuite hostname="SWARAJ" failures="0" tests="1" name="api.practice.FakerPostRequest" time="1.837" errors="0" timestamp="2024-10-16T05:36:30 IST" skipped="0">
  <testcase classname="api.practice.FakerPostRequest" name="postRequest" time="1.837"/>
</testsuite> <!-- api.practice.FakerPostRequest -->
