<?xml version="1.0" encoding="UTF-8"?>
<!-- Generated by org.testng.reporters.JUnitReportReporter -->
<testsuite hostname="SWARAJ" failures="0" tests="1" name="api.practice.DeleteDemo" time="1.200" errors="0" timestamp="2024-09-01T12:48:57 IST" skipped="0">
  <testcase classname="api.practice.DeleteDemo" name="deleteDemo" time="1.200"/>
</testsuite> <!-- api.practice.DeleteDemo -->
