<?xml version="1.0" encoding="UTF-8"?>
<!-- Generated by org.testng.reporters.JUnitReportReporter -->
<testsuite hostname="SWARAJ" failures="0" tests="1" name="api.practice.PostRequestNew" time="1.550" errors="0" timestamp="2024-09-01T13:01:35 IST" skipped="0">
  <testcase classname="api.practice.PostRequestNew" name="postDemo" time="1.550"/>
</testsuite> <!-- api.practice.PostRequestNew -->
