<?xml version="1.0" encoding="UTF-8"?>
<!-- Generated by org.testng.reporters.JUnitReportReporter -->
<testsuite hostname="SWARAJ" failures="0" tests="1" name="api.practice.PostRequest23" time="1.274" errors="0" timestamp="2024-09-08T13:00:44 IST" skipped="0">
  <testcase classname="api.practice.PostRequest23" name="postRequest" time="1.274"/>
</testsuite> <!-- api.practice.PostRequest23 -->
