<?xml version="1.0" encoding="UTF-8"?>
<!-- Generated by org.testng.reporters.JUnitReportReporter -->
<testsuite hostname="SWARAJ" failures="0" tests="1" name="api.learn.GetRequestLog" time="1.728" errors="0" timestamp="2024-08-30T15:59:44 IST" skipped="0">
  <testcase classname="api.learn.GetRequestLog" name="getRequest" time="1.728"/>
</testsuite> <!-- api.learn.GetRequestLog -->
